2022-01-22 23:05:57,749 INFO o.a.j.u.JMeterUtils: Setting Locale to en_EN
2022-01-22 23:05:57,763 INFO o.a.j.JMeter: Loading user properties from: /opt/homebrew/Cellar/jmeter/5.4.3/libexec/bin/user.properties
2022-01-22 23:05:57,763 INFO o.a.j.JMeter: Loading system properties from: /opt/homebrew/Cellar/jmeter/5.4.3/libexec/bin/system.properties
2022-01-22 23:05:57,767 INFO o.a.j.JMeter: Copyright (c) 1998-2021 The Apache Software Foundation
2022-01-22 23:05:57,767 INFO o.a.j.JMeter: Version 5.4.3
2022-01-22 23:05:57,767 INFO o.a.j.JMeter: java.version=17.0.1
2022-01-22 23:05:57,767 INFO o.a.j.JMeter: java.vm.name=OpenJDK 64-Bit Server VM
2022-01-22 23:05:57,767 INFO o.a.j.JMeter: os.name=Mac OS X
2022-01-22 23:05:57,767 INFO o.a.j.JMeter: os.arch=aarch64
2022-01-22 23:05:57,767 INFO o.a.j.JMeter: os.version=12.0
2022-01-22 23:05:57,767 INFO o.a.j.JMeter: file.encoding=UTF-8
2022-01-22 23:05:57,767 INFO o.a.j.JMeter: java.awt.headless=null
2022-01-22 23:05:57,767 INFO o.a.j.JMeter: Max memory     =1073741824
2022-01-22 23:05:57,767 INFO o.a.j.JMeter: Available Processors =10
2022-01-22 23:05:57,772 INFO o.a.j.JMeter: Default Locale=English (EN)
2022-01-22 23:05:57,772 INFO o.a.j.JMeter: JMeter  Locale=English (EN)
2022-01-22 23:05:57,772 INFO o.a.j.JMeter: JMeterHome=/opt/homebrew/Cellar/jmeter/5.4.3/libexec
2022-01-22 23:05:57,772 INFO o.a.j.JMeter: user.dir  =/opt/develop/congenial-potato/qamidhl
2022-01-22 23:05:57,772 INFO o.a.j.JMeter: PWD       =/opt/develop/congenial-potato/qamidhl
2022-01-22 23:05:57,773 INFO o.a.j.JMeter: IP: 127.0.0.1 Name: mvsmac.local FullName: localhost
2022-01-22 23:05:57,963 INFO o.a.j.JMeter: Setting LAF to: laf:com.apple.laf.AquaLookAndFeel
2022-01-22 23:05:58,252 INFO o.a.j.JMeter: Loaded icon properties from org/apache/jmeter/images/icon.properties
2022-01-22 23:05:58,808 INFO o.j.r.JARSourceHTTP: Found cached repo
2022-01-22 23:05:58,879 INFO o.j.r.PluginManager: Plugins Status: [jpgc-graphs-basic=2.0, jpgc-graphs-additional=2.0, jpgc-autostop=0.1, jpgc-csl=0.1, jpgc-casutg=2.10, jpgc-graphs-dist=2.0, jpgc-graphs-vs=2.0, jpgc-plugins-manager=1.7, jpgc-csvars=0.1, jmeter-core=5.4.3, jmeter-ftp=5.4.3, jmeter-http=5.4.3, jmeter-jdbc=5.4.3, jmeter-jms=5.4.3, jmeter-junit=5.4.3, jmeter-java=5.4.3, jmeter-ldap=5.4.3, jmeter-mail=5.4.3, jmeter-mongodb=5.4.3, jmeter-native=5.4.3, jmeter-tcp=5.4.3, jmeter-components=5.4.3]
2022-01-22 23:05:58,934 INFO o.a.j.JMeter: Loading file: /Users/m.v.shchegolev/Downloads/hl/hl_site/test/site_load_test.jmx
2022-01-22 23:05:58,935 INFO o.a.j.s.FileServer: Default base='/opt/develop/congenial-potato/qamidhl'
2022-01-22 23:05:58,935 INFO o.a.j.s.FileServer: Set new base='/Users/m.v.shchegolev/Downloads/hl/hl_site/test'
2022-01-22 23:05:59,005 INFO o.a.j.s.SaveService: Testplan (JMX) version: 2.2. Testlog (JTL) version: 2.2
2022-01-22 23:05:59,010 INFO o.a.j.s.SaveService: Using SaveService properties version 5.0
2022-01-22 23:05:59,011 INFO o.a.j.s.SaveService: Using SaveService properties file encoding UTF-8
2022-01-22 23:05:59,011 INFO o.a.j.s.SaveService: Loading file: /Users/m.v.shchegolev/Downloads/hl/hl_site/test/site_load_test.jmx
2022-01-22 23:05:59,100 INFO o.a.j.p.h.c.CookieManager: Settings: Delete null: true Check: true Allow variable: true Save: false Prefix: COOKIE_
2022-01-22 23:05:59,101 INFO o.a.j.p.h.c.CacheManager: Will only cache the following methods: [GET]
2022-01-22 23:05:59,113 INFO o.a.j.p.h.s.HTTPSamplerBase: Parser for text/html is org.apache.jmeter.protocol.http.parser.LagartoBasedHtmlParser
2022-01-22 23:05:59,113 INFO o.a.j.p.h.s.HTTPSamplerBase: Parser for application/xhtml+xml is org.apache.jmeter.protocol.http.parser.LagartoBasedHtmlParser
2022-01-22 23:05:59,113 INFO o.a.j.p.h.s.HTTPSamplerBase: Parser for application/xml is org.apache.jmeter.protocol.http.parser.LagartoBasedHtmlParser
2022-01-22 23:05:59,113 INFO o.a.j.p.h.s.HTTPSamplerBase: Parser for text/xml is org.apache.jmeter.protocol.http.parser.LagartoBasedHtmlParser
2022-01-22 23:05:59,113 INFO o.a.j.p.h.s.HTTPSamplerBase: Parser for text/vnd.wap.wml is org.apache.jmeter.protocol.http.parser.RegexpHTMLParser
2022-01-22 23:05:59,113 INFO o.a.j.p.h.s.HTTPSamplerBase: Parser for text/css is org.apache.jmeter.protocol.http.parser.CssParser
2022-01-22 23:05:59,176 INFO o.a.j.s.FileServer: Set new base='/Users/m.v.shchegolev/Downloads/hl/hl_site/test'
2022-01-22 23:05:59,378 INFO o.a.j.e.u.CompoundVariable: Note: Function class names must contain the string: '.functions.'
2022-01-22 23:05:59,378 INFO o.a.j.e.u.CompoundVariable: Note: Function class names must not contain the string: '.gui.'
2022-01-22 23:05:59,451 INFO o.a.j.s.SampleResult: Note: Sample TimeStamps are START times
2022-01-22 23:05:59,451 INFO o.a.j.s.SampleResult: sampleresult.default.encoding is set to ISO-8859-1
2022-01-22 23:05:59,451 INFO o.a.j.s.SampleResult: sampleresult.useNanoTime=true
2022-01-22 23:05:59,451 INFO o.a.j.s.SampleResult: sampleresult.nanoThreadSleep=5000
2022-01-22 23:05:59,521 INFO o.a.j.v.ViewResultsFullVisualizer: Add JavaFX to your Java installation if you want to use renderer: org.apache.jmeter.visualizers.RenderInBrowser
2022-01-22 23:05:59,572 INFO o.a.j.v.ViewResultsFullVisualizer: Add JavaFX to your Java installation if you want to use renderer: org.apache.jmeter.visualizers.RenderInBrowser
2022-01-22 23:10:26,729 INFO o.a.j.g.a.Load: Loading file: /Users/m.v.shchegolev/Downloads/Add_comment_to_post_hello_world.jmx
2022-01-22 23:10:26,736 INFO o.a.j.s.FileServer: Set new base='/Users/m.v.shchegolev/Downloads'
2022-01-22 23:10:26,736 INFO o.a.j.s.SaveService: Loading file: /Users/m.v.shchegolev/Downloads/Add_comment_to_post_hello_world.jmx
2022-01-22 23:10:26,772 INFO o.a.j.v.ViewResultsFullVisualizer: Add JavaFX to your Java installation if you want to use renderer: org.apache.jmeter.visualizers.RenderInBrowser
2022-01-22 23:10:26,798 INFO o.a.j.v.ViewResultsFullVisualizer: Add JavaFX to your Java installation if you want to use renderer: org.apache.jmeter.visualizers.RenderInBrowser
2022-01-22 23:10:26,826 INFO o.a.j.s.FileServer: Set new base='/Users/m.v.shchegolev/Downloads'
2022-01-22 23:28:42,486 INFO o.a.j.e.StandardJMeterEngine: Running the test!
2022-01-22 23:28:42,487 INFO o.a.j.s.SampleEvent: List of sample_variables: []
2022-01-22 23:28:42,487 INFO o.a.j.s.SampleEvent: List of sample_variables: []
2022-01-22 23:28:42,492 INFO o.a.j.g.u.JMeterMenuBar: setRunning(true, *local*)
2022-01-22 23:28:42,544 INFO o.a.j.e.StandardJMeterEngine: Starting ThreadGroup: 1 : Singl_user_add_comment
2022-01-22 23:28:42,544 INFO o.a.j.e.StandardJMeterEngine: Starting 1 threads for group Singl_user_add_comment.
2022-01-22 23:28:42,544 INFO o.a.j.e.StandardJMeterEngine: Thread will continue on error
2022-01-22 23:28:42,544 INFO o.a.j.t.ThreadGroup: Starting thread group... number=1 threads=1 ramp-up=5 delayedStart=false
2022-01-22 23:28:42,546 INFO o.a.j.t.ThreadGroup: Started thread group number 1
2022-01-22 23:28:42,546 INFO o.a.j.e.StandardJMeterEngine: All thread groups have been started
2022-01-22 23:28:42,547 INFO o.a.j.t.JMeterThread: Thread started: Singl_user_add_comment 1-1
2022-01-22 23:28:42,551 INFO o.a.j.p.h.s.HTTPHCAbstractImpl: Local host = mvsmac.local
2022-01-22 23:28:42,553 INFO o.a.j.p.h.s.HTTPHC4Impl: HTTP request retry count = 0
2022-01-22 23:28:43,819 INFO o.a.j.p.h.p.BaseParser: Created org.apache.jmeter.protocol.http.parser.LagartoBasedHtmlParser
2022-01-22 23:28:43,858 INFO o.a.j.p.h.s.ResourcesDownloader: Creating ResourcesDownloader with keepalive_inseconds : 60
2022-01-22 23:28:43,893 INFO o.a.j.p.h.p.BaseParser: Created org.apache.jmeter.protocol.http.parser.CssParser
2022-01-22 23:28:43,893 INFO o.a.j.p.h.p.BaseParser: Created org.apache.jmeter.protocol.http.parser.CssParser
2022-01-22 23:28:43,893 INFO o.a.j.p.h.p.BaseParser: Created org.apache.jmeter.protocol.http.parser.CssParser
2022-01-22 23:28:43,980 WARN c.h.c.r.e.LoggingCSSParseErrorHandler: Browser compliant mode skipped CSS from [926:34] starting at token ' ' until [929:1] to token '}' (based on com.helger.css.parser.ParseException: Encountered unexpected token: ">" ">"
    at line 926, column 35.

Was expecting one of:

    ")"
    "+"
    "-"
    "/"
    "="
    "["
    "and"
    "expression("
    "from"
    "inherit"
    "not"
    "only"
    "or"
    "to"
    <ANGLE_DEG>
    <ANGLE_GRAD>
    <ANGLE_RAD>
    <ANGLE_TURN>
    <CH>
    <COMMA>
    <DPCM>
    <DPI>
    <DPPX>
    <EM>
    <EX>
    <FR>
    <FREQ_HZ>
    <FREQ_KHZ>
    <FUNCTION>
    <FUNCTION_CALC>
    <HASH>
    <IDENT>
    <LENGTH_CM>
    <LENGTH_IN>
    <LENGTH_MM>
    <LENGTH_PC>
    <LENGTH_PT>
    <LENGTH_Q>
    <NUMBER>
    <PERCENTAGE>
    <PX>
    <REM>
    <S>
    <STRING1>
    <STRING2>
    <TIME_MS>
    <TIME_S>
    <URANGE>
    <URL>
    <VH>
    <VMAX>
    <VMIN>
    <VW>
)
2022-01-22 23:28:43,981 WARN c.h.c.r.e.LoggingCSSParseErrorHandler: Browser compliant mode skipped CSS from [937:42] starting at token ' ' until [940:9] to token '}' (based on com.helger.css.parser.ParseException: Encountered unexpected token: ">" ">"
    at line 937, column 43.

Was expecting one of:

    ")"
    "+"
    "-"
    "/"
    "="
    "["
    "and"
    "expression("
    "from"
    "inherit"
    "not"
    "only"
    "or"
    "to"
    <ANGLE_DEG>
    <ANGLE_GRAD>
    <ANGLE_RAD>
    <ANGLE_TURN>
    <CH>
    <COMMA>
    <DPCM>
    <DPI>
    <DPPX>
    <EM>
    <EX>
    <FR>
    <FREQ_HZ>
    <FREQ_KHZ>
    <FUNCTION>
    <FUNCTION_CALC>
    <HASH>
    <IDENT>
    <LENGTH_CM>
    <LENGTH_IN>
    <LENGTH_MM>
    <LENGTH_PC>
    <LENGTH_PT>
    <LENGTH_Q>
    <NUMBER>
    <PERCENTAGE>
    <PX>
    <REM>
    <S>
    <STRING1>
    <STRING2>
    <TIME_MS>
    <TIME_S>
    <URANGE>
    <URL>
    <VH>
    <VMAX>
    <VMIN>
    <VW>
)
2022-01-22 23:28:43,981 WARN c.h.c.r.e.LoggingCSSParseErrorHandler: Browser compliant mode skipped CSS from [948:34] starting at token ' ' until [950:1] to token '}' (based on com.helger.css.parser.ParseException: Encountered unexpected token: ">" ">"
    at line 948, column 35.

Was expecting one of:

    ")"
    "+"
    "-"
    "/"
    "="
    "["
    "and"
    "expression("
    "from"
    "inherit"
    "not"
    "only"
    "or"
    "to"
    <ANGLE_DEG>
    <ANGLE_GRAD>
    <ANGLE_RAD>
    <ANGLE_TURN>
    <CH>
    <COMMA>
    <DPCM>
    <DPI>
    <DPPX>
    <EM>
    <EX>
    <FR>
    <FREQ_HZ>
    <FREQ_KHZ>
    <FUNCTION>
    <FUNCTION_CALC>
    <HASH>
    <IDENT>
    <LENGTH_CM>
    <LENGTH_IN>
    <LENGTH_MM>
    <LENGTH_PC>
    <LENGTH_PT>
    <LENGTH_Q>
    <NUMBER>
    <PERCENTAGE>
    <PX>
    <REM>
    <S>
    <STRING1>
    <STRING2>
    <TIME_MS>
    <TIME_S>
    <URANGE>
    <URL>
    <VH>
    <VMAX>
    <VMIN>
    <VW>
)
2022-01-22 23:28:43,982 WARN c.h.c.r.e.LoggingCSSParseErrorHandler: Browser compliant mode skipped CSS from [957:34] starting at token ' ' until [959:1] to token '}' (based on com.helger.css.parser.ParseException: Encountered unexpected token: ">" ">"
    at line 957, column 35.

Was expecting one of:

    ")"
    "+"
    "-"
    "/"
    "="
    "["
    "and"
    "expression("
    "from"
    "inherit"
    "not"
    "only"
    "or"
    "to"
    <ANGLE_DEG>
    <ANGLE_GRAD>
    <ANGLE_RAD>
    <ANGLE_TURN>
    <CH>
    <COMMA>
    <DPCM>
    <DPI>
    <DPPX>
    <EM>
    <EX>
    <FR>
    <FREQ_HZ>
    <FREQ_KHZ>
    <FUNCTION>
    <FUNCTION_CALC>
    <HASH>
    <IDENT>
    <LENGTH_CM>
    <LENGTH_IN>
    <LENGTH_MM>
    <LENGTH_PC>
    <LENGTH_PT>
    <LENGTH_Q>
    <NUMBER>
    <PERCENTAGE>
    <PX>
    <REM>
    <S>
    <STRING1>
    <STRING2>
    <TIME_MS>
    <TIME_S>
    <URANGE>
    <URL>
    <VH>
    <VMAX>
    <VMIN>
    <VW>
)
2022-01-22 23:28:44,165 INFO o.a.j.t.JMeterThread: Thread is done: Singl_user_add_comment 1-1
2022-01-22 23:28:44,165 INFO o.a.j.t.JMeterThread: Thread finished: Singl_user_add_comment 1-1
2022-01-22 23:28:44,166 INFO o.a.j.e.StandardJMeterEngine: Notifying test listeners of end of test
2022-01-22 23:28:44,166 INFO o.a.j.g.u.JMeterMenuBar: setRunning(false, *local*)
